<?xml version="1.0" encoding="UTF-8"?>
<!-- Generated by org.testng.reporters.JUnitReportReporter -->
<testsuite skipped="0" hostname="DESKTOP-PBOUCMV" name="com.Automation_Practise_Dec.Simple_Annotations" tests="3" failures="0" timestamp="2022-01-05T21:46:20 IST" time="0.031" errors="0">
  <testcase name="headset" time="0.000" classname="com.Automation_Practise_Dec.Simple_Annotations"/>
  <system-out/>
  <testcase name="mobiles" time="0.015" classname="com.Automation_Practise_Dec.Simple_Annotations"/>
  <system-out/>
  <testcase name="books" time="0.016" classname="com.Automation_Practise_Dec.Simple_Annotations"/>
  <system-out/>
</testsuite> <!-- com.Automation_Practise_Dec.Simple_Annotations -->
