<?xml version="1.0" encoding="UTF-8"?>
<!-- Generated by org.testng.reporters.JUnitReportReporter -->
<testsuite skipped="0" hostname="DESKTOP-PBOUCMV" name="com.testng.features.Grouping_Test" tests="3" failures="0" timestamp="2022-01-08T18:32:26 IST" time="0.016" errors="0">
  <testcase name="amazon" time="0.010" classname="com.testng.features.Grouping_Test"/>
  <system-out/>
  <testcase name="flipkart" time="0.001" classname="com.testng.features.Grouping_Test"/>
  <system-out/>
  <testcase name="myntra" time="0.005" classname="com.testng.features.Grouping_Test"/>
  <system-out/>
</testsuite> <!-- com.testng.features.Grouping_Test -->
