<?xml version="1.0" encoding="UTF-8"?>
<!-- Generated by org.testng.reporters.JUnitReportReporter -->
<testsuite skipped="0" hostname="DESKTOP-PBOUCMV" name="com.testng.features.SimpleAnnotations" tests="3" failures="0" timestamp="2022-01-05T22:45:10 IST" time="0.016" errors="0">
  <testcase name="headset" time="0.016" classname="com.testng.features.SimpleAnnotations"/>
  <system-out/>
  <testcase name="mobiles" time="0.000" classname="com.testng.features.SimpleAnnotations"/>
  <system-out/>
  <testcase name="books" time="0.000" classname="com.testng.features.SimpleAnnotations"/>
  <system-out/>
</testsuite> <!-- com.testng.features.SimpleAnnotations -->
