<?xml version="1.0" encoding="UTF-8"?>
<!-- Generated by org.testng.reporters.JUnitReportReporter -->
<testsuite skipped="0" hostname="DESKTOP-PBOUCMV" name="com.testng.features.Priority_Concept" tests="4" failures="0" timestamp="2022-01-06T21:46:59 IST" time="0.017" errors="0">
  <testcase name="women" time="0.010" classname="com.testng.features.Priority_Concept"/>
  <system-out/>
  <testcase name="men" time="0.002" classname="com.testng.features.Priority_Concept"/>
  <system-out/>
  <testcase name="books" time="0.002" classname="com.testng.features.Priority_Concept"/>
  <system-out/>
  <testcase name="tshirts" time="0.003" classname="com.testng.features.Priority_Concept"/>
  <system-out/>
</testsuite> <!-- com.testng.features.Priority_Concept -->
