<?xml version="1.0" encoding="UTF-8"?>
<!-- Generated by org.testng.reporters.JUnitReportReporter -->
<testsuite skipped="0" hostname="DESKTOP-PBOUCMV" name="com.testng.features.Expected_Exceptions" tests="2" failures="0" timestamp="2022-01-06T22:34:37 IST" time="0.015" errors="0">
  <testcase name="word" time="0.000" classname="com.testng.features.Expected_Exceptions"/>
  <system-out/>
  <testcase name="divide" time="0.015" classname="com.testng.features.Expected_Exceptions"/>
  <system-out/>
</testsuite> <!-- com.testng.features.Expected_Exceptions -->
