<?xml version="1.0" encoding="UTF-8"?>
<!-- Generated by org.testng.reporters.JUnitReportReporter -->
<testsuite skipped="0" hostname="DESKTOP-PBOUCMV" name="com.testng.features.Invocation_Count" tests="7" failures="0" timestamp="2022-01-06T22:15:12 IST" time="0.016" errors="0">
  <testcase name="browserLaunch" time="0.000" classname="com.testng.features.Invocation_Count"/>
  <system-out/>
  <testcase name="url" time="0.000" classname="com.testng.features.Invocation_Count"/>
  <system-out/>
  <testcase name="credentials" time="0.000" classname="com.testng.features.Invocation_Count"/>
  <system-out/>
  <testcase name="refresh" time="0.000" classname="com.testng.features.Invocation_Count"/>
  <system-out/>
  <testcase name="refresh" time="0.016" classname="com.testng.features.Invocation_Count"/>
  <system-out/>
  <testcase name="refresh" time="0.000" classname="com.testng.features.Invocation_Count"/>
  <system-out/>
  <testcase name="homepage" time="0.000" classname="com.testng.features.Invocation_Count"/>
  <system-out/>
</testsuite> <!-- com.testng.features.Invocation_Count -->
