<?xml version="1.0" encoding="UTF-8"?>
<!-- Generated by org.testng.reporters.JUnitReportReporter -->
<testsuite skipped="0" hostname="DESKTOP-PBOUCMV" name="com.testng.features.IgnoreTest" tests="1" failures="0" timestamp="2022-01-05T22:51:24 IST" time="0.000" errors="0">
  <testcase name="dresses" time="0.000" classname="com.testng.features.IgnoreTest"/>
  <system-out/>
</testsuite> <!-- com.testng.features.IgnoreTest -->
