<?xml version="1.0" encoding="UTF-8"?>
<!-- Generated by org.testng.reporters.JUnitReportReporter -->
<testsuite skipped="0" hostname="DESKTOP-PBOUCMV" name="com.Automation_Practise_Dec.Ignore_Test" tests="1" failures="0" timestamp="2022-01-05T22:36:09 IST" time="0.015" errors="0">
  <testcase name="dresses" time="0.015" classname="com.Automation_Practise_Dec.Ignore_Test"/>
  <system-out/>
</testsuite> <!-- com.Automation_Practise_Dec.Ignore_Test -->
